This file contains any messages produced by compilers while
running configure, to aid debugging if configure makes a mistake.

It was created by gremlin configure 0.5.8, which was
generated by GNU Autoconf 2.69.  Invocation command line was

  $ /media/reuben/nas/gremlin/configure --no-create --no-recursion

## --------- ##
## Platform. ##
## --------- ##

hostname = reuben-System-Product-Name
uname -m = x86_64
uname -r = 4.15.0-20-generic
uname -s = Linux
uname -v = #21-Ubuntu SMP Tue Apr 24 06:16:15 UTC 2018

/usr/bin/uname -p = unknown
/bin/uname -X     = unknown

/bin/arch              = unknown
/usr/bin/arch -k       = unknown
/usr/convex/getsysinfo = unknown
/usr/bin/hostinfo      = unknown
/bin/machine           = unknown
/usr/bin/oslevel       = unknown
/bin/universe          = unknown

PATH: /usr/local/sbin
PATH: /usr/local/bin
PATH: /usr/sbin
PATH: /usr/bin
PATH: /sbin
PATH: /bin
PATH: /usr/games
PATH: /usr/local/games


## ----------- ##
## Core tests. ##
## ----------- ##

configure:1781: checking for a BSD-compatible install
configure:1849: result: /usr/bin/install -c
configure:1860: checking whether build environment is sane
configure:1915: result: yes
configure:2066: checking for a thread-safe mkdir -p
configure:2105: result: /bin/mkdir -p
configure:2112: checking for gawk
configure:2128: found /usr/bin/gawk
configure:2139: result: gawk
configure:2150: checking whether make sets $(MAKE)
configure:2172: result: yes
configure:2201: checking whether make supports nested variables
configure:2218: result: yes
configure:2357: checking for python
configure:2375: found /usr/bin/python
configure:2387: result: /usr/bin/python
configure:2408: checking for python version
configure:2415: result: 2.7
configure:2427: checking for python platform
configure:2434: result: linux2
configure:2460: checking for python script directory
configure:2495: result: ${prefix}/lib/python2.7/dist-packages
configure:2504: checking for python extension module directory
configure:2539: result: ${exec_prefix}/lib/python2.7/dist-packages
configure:2670: checking that generated files are newer than configure
configure:2676: result: done
configure:2684: creating ./config.status

## ---------------- ##
## Cache variables. ##
## ---------------- ##

ac_cv_env_PYTHON_set=
ac_cv_env_PYTHON_value=
ac_cv_env_build_alias_set=
ac_cv_env_build_alias_value=
ac_cv_env_host_alias_set=
ac_cv_env_host_alias_value=
ac_cv_env_target_alias_set=
ac_cv_env_target_alias_value=
ac_cv_path_PYTHON=/usr/bin/python
ac_cv_path_install='/usr/bin/install -c'
ac_cv_path_mkdir=/bin/mkdir
ac_cv_prog_AWK=gawk
ac_cv_prog_make_make_set=yes
am_cv_make_support_nested_variables=yes
am_cv_python_platform=linux2
am_cv_python_pyexecdir='${exec_prefix}/lib/python2.7/dist-packages'
am_cv_python_pythondir='${prefix}/lib/python2.7/dist-packages'
am_cv_python_version=2.7

## ----------------- ##
## Output variables. ##
## ----------------- ##

ACLOCAL='${SHELL} /media/reuben/nas/gremlin/missing aclocal-1.15'
AMTAR='$${TAR-tar}'
AM_BACKSLASH='\'
AM_DEFAULT_V='$(AM_DEFAULT_VERBOSITY)'
AM_DEFAULT_VERBOSITY='1'
AM_V='$(V)'
AUTOCONF='${SHELL} /media/reuben/nas/gremlin/missing autoconf'
AUTOHEADER='${SHELL} /media/reuben/nas/gremlin/missing autoheader'
AUTOMAKE='${SHELL} /media/reuben/nas/gremlin/missing automake-1.15'
AWK='gawk'
CYGPATH_W='echo'
DEFS='-DHAVE_CONFIG_H'
ECHO_C=''
ECHO_N='-n'
ECHO_T=''
INSTALL_DATA='${INSTALL} -m 644'
INSTALL_PROGRAM='${INSTALL}'
INSTALL_SCRIPT='${INSTALL}'
INSTALL_STRIP_PROGRAM='$(install_sh) -c -s'
LIBOBJS=''
LIBS=''
LTLIBOBJS=''
MAKEINFO='${SHELL} /media/reuben/nas/gremlin/missing makeinfo'
MKDIR_P='/bin/mkdir -p'
PACKAGE='gremlin'
PACKAGE_BUGREPORT=''
PACKAGE_NAME='gremlin'
PACKAGE_STRING='gremlin 0.5.8'
PACKAGE_TARNAME='gremlin'
PACKAGE_URL=''
PACKAGE_VERSION='0.5.8'
PATH_SEPARATOR=':'
PYTHON='/usr/bin/python'
PYTHON_EXEC_PREFIX='${exec_prefix}'
PYTHON_PLATFORM='linux2'
PYTHON_PREFIX='${prefix}'
PYTHON_VERSION='2.7'
SET_MAKE=''
SHELL='/bin/bash'
STRIP=''
VERSION='0.5.8'
am__isrc=''
am__leading_dot='.'
am__tar='$${TAR-tar} chof - "$$tardir"'
am__untar='$${TAR-tar} xf -'
bindir='${exec_prefix}/bin'
build_alias=''
datadir='${datarootdir}'
datarootdir='${prefix}/share'
docdir='${datarootdir}/doc/${PACKAGE_TARNAME}'
dvidir='${docdir}'
exec_prefix='${prefix}'
host_alias=''
htmldir='${docdir}'
includedir='${prefix}/include'
infodir='${datarootdir}/info'
install_sh='${SHELL} /media/reuben/nas/gremlin/install-sh'
libdir='${exec_prefix}/lib'
libexecdir='${exec_prefix}/libexec'
localedir='${datarootdir}/locale'
localstatedir='${prefix}/var'
mandir='${datarootdir}/man'
mkdir_p='$(MKDIR_P)'
oldincludedir='/usr/include'
pdfdir='${docdir}'
pkgpyexecdir='${pyexecdir}/gremlin'
pkgpythondir='${pythondir}/gremlin'
prefix='/usr/local'
program_transform_name='s,x,x,'
psdir='${docdir}'
pyexecdir='${exec_prefix}/lib/python2.7/dist-packages'
pythondir='${prefix}/lib/python2.7/dist-packages'
runstatedir='${localstatedir}/run'
sbindir='${exec_prefix}/sbin'
sharedstatedir='${prefix}/com'
sysconfdir='${prefix}/etc'
target_alias=''

## ----------- ##
## confdefs.h. ##
## ----------- ##

/* confdefs.h */
#define PACKAGE_NAME "gremlin"
#define PACKAGE_TARNAME "gremlin"
#define PACKAGE_VERSION "0.5.8"
#define PACKAGE_STRING "gremlin 0.5.8"
#define PACKAGE_BUGREPORT ""
#define PACKAGE_URL ""
#define PACKAGE "gremlin"
#define VERSION "0.5.8"

configure: exit 0

## ---------------------- ##
## Running config.status. ##
## ---------------------- ##

This file was extended by gremlin config.status 0.5.8, which was
generated by GNU Autoconf 2.69.  Invocation command line was

  CONFIG_FILES    = 
  CONFIG_HEADERS  = 
  CONFIG_LINKS    = 
  CONFIG_COMMANDS = 
  $ ./config.status 

on reuben-System-Product-Name

config.status:820: creating Makefile
config.status:820: creating src/Makefile
config.status:820: creating config.h
config.status:1001: config.h is unchanged
